<?xml version="1.0" encoding="UTF-8"?>
<!-- Generated by org.testng.reporters.JUnitReportReporter -->
<testsuite hostname="wetechnolabs13" failures="0" tests="19" name="com.api.test.Test_API_TextDrip" time="24.598" errors="0" timestamp="2024-03-18T10:05:30 GMT-04:00" skipped="0">
  <testcase classname="com.api.test.Test_API_TextDrip" name="Login_user_API" time="2.848"/>
  <testcase classname="com.api.test.Test_API_TextDrip" name="Get_Profile" time="1.144"/>
  <testcase classname="com.api.test.Test_API_TextDrip" name="Get_campaign" time="1.158"/>
  <testcase classname="com.api.test.Test_API_TextDrip" name="Get_Tag" time="1.239"/>
  <testcase classname="com.api.test.Test_API_TextDrip" name="Get_QuickResponse" time="1.074"/>
  <testcase classname="com.api.test.Test_API_TextDrip" name="Get_PhoneList" time="1.157"/>
  <testcase classname="com.api.test.Test_API_TextDrip" name="Create_contact" time="1.569"/>
  <testcase classname="com.api.test.Test_API_TextDrip" name="get_contact_details" time="1.235"/>
  <testcase classname="com.api.test.Test_API_TextDrip" name="get_conversations" time="1.128"/>
  <testcase classname="com.api.test.Test_API_TextDrip" name="get_chat" time="1.169"/>
  <testcase classname="com.api.test.Test_API_TextDrip" name="get_drip_messages" time="1.115"/>
  <testcase classname="com.api.test.Test_API_TextDrip" name="get_delivery_rate" time="1.163"/>
  <testcase classname="com.api.test.Test_API_TextDrip" name="archive_contact" time="1.190"/>
  <testcase classname="com.api.test.Test_API_TextDrip" name="add_campaign" time="1.228"/>
  <testcase classname="com.api.test.Test_API_TextDrip" name="send_message" time="1.329"/>
  <testcase classname="com.api.test.Test_API_TextDrip" name="add_schedule" time="1.239"/>
  <testcase classname="com.api.test.Test_API_TextDrip" name="assign_campaign_contact" time="1.206"/>
  <testcase classname="com.api.test.Test_API_TextDrip" name="update_contact" time="1.152"/>
  <testcase classname="com.api.test.Test_API_TextDrip" name="create_contact_with_tag" time="1.255"/>
</testsuite> <!-- com.api.test.Test_API_TextDrip -->
